2019-12-17 11:09:12.011 logback [main] INFO  c.lzr.ReadWriteSeparationApplication - Starting ReadWriteSeparationApplication on SKY-20181113PUG with PID 4140 (D:\idea_project\studyproject\study_readwriteseparation\target\classes started by Administrator in D:\idea_project\studyproject\study_readwriteseparation)
2019-12-17 11:09:12.026 logback [main] INFO  c.lzr.ReadWriteSeparationApplication - No active profile set, falling back to default profiles: default
2019-12-17 11:09:12.654 logback [main] WARN  t.m.s.mapper.ClassPathMapperScanner - No MyBatis mapper was found in '[com.lzr]' package. Please check your configuration.
2019-12-17 11:09:12.670 logback [main] WARN  o.m.s.mapper.ClassPathMapperScanner - No MyBatis mapper was found in '[com.lzr]' package. Please check your configuration.
2019-12-17 11:09:12.719 logback [main] INFO  o.s.d.r.c.RepositoryConfigurationDelegate - Multiple Spring Data modules found, entering strict repository configuration mode!
2019-12-17 11:09:12.719 logback [main] INFO  o.s.d.r.c.RepositoryConfigurationDelegate - Bootstrapping Spring Data repositories in DEFAULT mode.
2019-12-17 11:09:12.766 logback [main] INFO  o.s.d.r.c.RepositoryConfigurationDelegate - Finished Spring Data repository scanning in 32ms. Found 0 repository interfaces.
2019-12-17 11:09:13.046 logback [main] INFO  o.s.c.s.PostProcessorRegistrationDelegate$BeanPostProcessorChecker - Bean 'org.springframework.transaction.annotation.ProxyTransactionManagementConfiguration' of type [org.springframework.transaction.annotation.ProxyTransactionManagementConfiguration$$EnhancerBySpringCGLIB$$5297f374] is not eligible for getting processed by all BeanPostProcessors (for example: not eligible for auto-proxying)
2019-12-17 11:09:13.844 logback [main] INFO  o.s.b.w.e.tomcat.TomcatWebServer - Tomcat initialized with port(s): 8080 (http)
2019-12-17 11:09:13.860 logback [main] INFO  o.a.coyote.http11.Http11NioProtocol - Initializing ProtocolHandler ["http-nio-8080"]
2019-12-17 11:09:13.875 logback [main] INFO  o.a.catalina.core.StandardService - Starting service [Tomcat]
2019-12-17 11:09:13.875 logback [main] INFO  o.a.catalina.core.StandardEngine - Starting Servlet engine: [Apache Tomcat/9.0.16]
2019-12-17 11:09:13.875 logback [main] INFO  o.a.c.core.AprLifecycleListener - The APR based Apache Tomcat Native library which allows optimal performance in production environments was not found on the java.library.path: [C:\Program Files\Java\jdk1.8.0_172\bin;C:\Windows\Sun\Java\bin;C:\Windows\system32;C:\Windows;D:\software\xshell\;C:\Program Files (x86)\Common Files\Oracle\Java\javapath;C:\Windows\system32;C:\Windows;C:\Windows\System32\Wbem;C:\Windows\System32\WindowsPowerShell\v1.0\;C:\Program Files\Git\cmd;C:\Program Files\MySQL\MySQL Server 5.7\bin;C:\Program Files\nodejs\;D:\visualvm\bin;C:\Program Files\Java\jdk1.8.0_172\bin\;C:\Program Files\erl7.1;C:\Program Files\2345Soft\HaoZip;C:\Program Files\MySql3307\mysql-5.7.28-winx64\bin;C:\Users\Administrator\AppData\Roaming\npm;C:\Users\Administrator\AppData\Local\Programs\Microsoft VS Code\bin;.]
2019-12-17 11:09:14.203 logback [main] INFO  org.apache.jasper.servlet.TldScanner - At least one JAR was scanned for TLDs yet contained no TLDs. Enable debug logging for this logger for a complete list of JARs that were scanned but no TLDs were found in them. Skipping unneeded JARs during scanning can improve startup time and JSP compilation time.
2019-12-17 11:09:14.203 logback [main] INFO  o.a.c.c.C.[Tomcat].[localhost].[/] - Initializing Spring embedded WebApplicationContext
2019-12-17 11:09:14.203 logback [main] INFO  o.s.web.context.ContextLoader - Root WebApplicationContext: initialization completed in 2130 ms
2019-12-17 11:09:14.486 logback [main] INFO  com.lzr.config.DataSourceConfig - 开始配置多数据源
2019-12-17 11:09:14.486 logback [main] INFO  com.lzr.config.DataSourceConfig - 多数据源配置完成
2019-12-17 11:09:15.726 logback [main] INFO  o.s.s.c.ThreadPoolTaskExecutor - Initializing ExecutorService 'applicationTaskExecutor'
2019-12-17 11:09:16.007 logback [main] INFO  t.m.m.a.MapperCacheDisabler - Clear tk.mybatis.mapper.util.MsUtil CLASS_CACHE cache.
2019-12-17 11:09:16.007 logback [main] INFO  t.m.m.a.MapperCacheDisabler - Clear tk.mybatis.mapper.genid.GenIdUtil CACHE cache.
2019-12-17 11:09:16.007 logback [main] INFO  t.m.m.a.MapperCacheDisabler - Clear tk.mybatis.mapper.version.VersionUtil CACHE cache.
2019-12-17 11:09:16.007 logback [main] INFO  t.m.m.a.MapperCacheDisabler - Clear EntityHelper entityTableMap cache.
2019-12-17 11:09:16.973 logback [main] INFO  o.a.coyote.http11.Http11NioProtocol - Starting ProtocolHandler ["http-nio-8080"]
2019-12-17 11:09:17.004 logback [main] INFO  o.s.b.w.e.tomcat.TomcatWebServer - Tomcat started on port(s): 8080 (http) with context path ''
2019-12-17 11:09:17.004 logback [main] INFO  c.lzr.ReadWriteSeparationApplication - Started ReadWriteSeparationApplication in 5.568 seconds (JVM running for 6.628)
2019-12-17 11:09:29.698 logback [http-nio-8080-exec-1] INFO  o.a.c.c.C.[Tomcat].[localhost].[/] - Initializing Spring DispatcherServlet 'dispatcherServlet'
2019-12-17 11:09:29.699 logback [http-nio-8080-exec-1] INFO  o.s.web.servlet.DispatcherServlet - Initializing Servlet 'dispatcherServlet'
2019-12-17 11:09:29.732 logback [http-nio-8080-exec-1] INFO  o.s.web.servlet.DispatcherServlet - Completed initialization in 33 ms
2019-12-17 11:11:21.133 logback [main] INFO  c.lzr.ReadWriteSeparationApplication - Starting ReadWriteSeparationApplication on SKY-20181113PUG with PID 10728 (D:\idea_project\studyproject\study_readwriteseparation\target\classes started by Administrator in D:\idea_project\studyproject\study_readwriteseparation)
2019-12-17 11:11:21.133 logback [main] INFO  c.lzr.ReadWriteSeparationApplication - No active profile set, falling back to default profiles: default
2019-12-17 11:11:21.883 logback [main] WARN  t.m.s.mapper.ClassPathMapperScanner - No MyBatis mapper was found in '[com.lzr]' package. Please check your configuration.
2019-12-17 11:11:21.883 logback [main] WARN  o.m.s.mapper.ClassPathMapperScanner - No MyBatis mapper was found in '[com.lzr]' package. Please check your configuration.
2019-12-17 11:11:21.914 logback [main] INFO  o.s.d.r.c.RepositoryConfigurationDelegate - Multiple Spring Data modules found, entering strict repository configuration mode!
2019-12-17 11:11:21.930 logback [main] INFO  o.s.d.r.c.RepositoryConfigurationDelegate - Bootstrapping Spring Data repositories in DEFAULT mode.
2019-12-17 11:11:21.961 logback [main] INFO  o.s.d.r.c.RepositoryConfigurationDelegate - Finished Spring Data repository scanning in 31ms. Found 0 repository interfaces.
2019-12-17 11:11:22.210 logback [main] INFO  o.s.c.s.PostProcessorRegistrationDelegate$BeanPostProcessorChecker - Bean 'org.springframework.transaction.annotation.ProxyTransactionManagementConfiguration' of type [org.springframework.transaction.annotation.ProxyTransactionManagementConfiguration$$EnhancerBySpringCGLIB$$e5c9c893] is not eligible for getting processed by all BeanPostProcessors (for example: not eligible for auto-proxying)
2019-12-17 11:11:22.870 logback [main] INFO  o.s.b.w.e.tomcat.TomcatWebServer - Tomcat initialized with port(s): 8080 (http)
2019-12-17 11:11:22.885 logback [main] INFO  o.a.coyote.http11.Http11NioProtocol - Initializing ProtocolHandler ["http-nio-8080"]
2019-12-17 11:11:22.885 logback [main] INFO  o.a.catalina.core.StandardService - Starting service [Tomcat]
2019-12-17 11:11:22.885 logback [main] INFO  o.a.catalina.core.StandardEngine - Starting Servlet engine: [Apache Tomcat/9.0.16]
2019-12-17 11:11:22.901 logback [main] INFO  o.a.c.core.AprLifecycleListener - The APR based Apache Tomcat Native library which allows optimal performance in production environments was not found on the java.library.path: [C:\Program Files\Java\jdk1.8.0_172\bin;C:\Windows\Sun\Java\bin;C:\Windows\system32;C:\Windows;D:\software\xshell\;C:\Program Files (x86)\Common Files\Oracle\Java\javapath;C:\Windows\system32;C:\Windows;C:\Windows\System32\Wbem;C:\Windows\System32\WindowsPowerShell\v1.0\;C:\Program Files\Git\cmd;C:\Program Files\MySQL\MySQL Server 5.7\bin;C:\Program Files\nodejs\;D:\visualvm\bin;C:\Program Files\Java\jdk1.8.0_172\bin\;C:\Program Files\erl7.1;C:\Program Files\2345Soft\HaoZip;C:\Program Files\MySql3307\mysql-5.7.28-winx64\bin;C:\Users\Administrator\AppData\Roaming\npm;C:\Users\Administrator\AppData\Local\Programs\Microsoft VS Code\bin;.]
2019-12-17 11:11:23.168 logback [main] INFO  org.apache.jasper.servlet.TldScanner - At least one JAR was scanned for TLDs yet contained no TLDs. Enable debug logging for this logger for a complete list of JARs that were scanned but no TLDs were found in them. Skipping unneeded JARs during scanning can improve startup time and JSP compilation time.
2019-12-17 11:11:23.184 logback [main] INFO  o.a.c.c.C.[Tomcat].[localhost].[/] - Initializing Spring embedded WebApplicationContext
2019-12-17 11:11:23.184 logback [main] INFO  o.s.web.context.ContextLoader - Root WebApplicationContext: initialization completed in 2019 ms
2019-12-17 11:11:23.464 logback [main] INFO  com.lzr.config.DataSourceConfig - 开始配置多数据源
2019-12-17 11:11:23.464 logback [main] INFO  com.lzr.config.DataSourceConfig - 多数据源配置完成
2019-12-17 11:11:24.765 logback [main] INFO  o.s.s.c.ThreadPoolTaskExecutor - Initializing ExecutorService 'applicationTaskExecutor'
2019-12-17 11:11:24.999 logback [main] INFO  t.m.m.a.MapperCacheDisabler - Clear tk.mybatis.mapper.util.MsUtil CLASS_CACHE cache.
2019-12-17 11:11:24.999 logback [main] INFO  t.m.m.a.MapperCacheDisabler - Clear tk.mybatis.mapper.genid.GenIdUtil CACHE cache.
2019-12-17 11:11:24.999 logback [main] INFO  t.m.m.a.MapperCacheDisabler - Clear tk.mybatis.mapper.version.VersionUtil CACHE cache.
2019-12-17 11:11:24.999 logback [main] INFO  t.m.m.a.MapperCacheDisabler - Clear EntityHelper entityTableMap cache.
2019-12-17 11:11:25.844 logback [main] INFO  o.a.coyote.http11.Http11NioProtocol - Starting ProtocolHandler ["http-nio-8080"]
2019-12-17 11:11:25.875 logback [main] INFO  o.s.b.w.e.tomcat.TomcatWebServer - Tomcat started on port(s): 8080 (http) with context path ''
2019-12-17 11:11:25.875 logback [main] INFO  c.lzr.ReadWriteSeparationApplication - Started ReadWriteSeparationApplication in 5.225 seconds (JVM running for 6.079)
2019-12-17 11:11:31.727 logback [http-nio-8080-exec-1] INFO  o.a.c.c.C.[Tomcat].[localhost].[/] - Initializing Spring DispatcherServlet 'dispatcherServlet'
2019-12-17 11:11:31.727 logback [http-nio-8080-exec-1] INFO  o.s.web.servlet.DispatcherServlet - Initializing Servlet 'dispatcherServlet'
2019-12-17 11:11:31.745 logback [http-nio-8080-exec-1] INFO  o.s.web.servlet.DispatcherServlet - Completed initialization in 18 ms
2019-12-17 11:37:39.765 logback [main] INFO  c.lzr.ReadWriteSeparationApplication - Starting ReadWriteSeparationApplication on SKY-20181113PUG with PID 12952 (D:\idea_project\studyproject\study_readwriteseparation\target\classes started by Administrator in D:\idea_project\studyproject\study_readwriteseparation)
2019-12-17 11:37:39.765 logback [main] INFO  c.lzr.ReadWriteSeparationApplication - No active profile set, falling back to default profiles: default
2019-12-17 11:37:40.373 logback [main] WARN  t.m.s.mapper.ClassPathMapperScanner - No MyBatis mapper was found in '[com.lzr]' package. Please check your configuration.
2019-12-17 11:37:40.373 logback [main] WARN  o.m.s.mapper.ClassPathMapperScanner - No MyBatis mapper was found in '[com.lzr]' package. Please check your configuration.
2019-12-17 11:37:40.420 logback [main] INFO  o.s.d.r.c.RepositoryConfigurationDelegate - Multiple Spring Data modules found, entering strict repository configuration mode!
2019-12-17 11:37:40.420 logback [main] INFO  o.s.d.r.c.RepositoryConfigurationDelegate - Bootstrapping Spring Data repositories in DEFAULT mode.
2019-12-17 11:37:40.451 logback [main] INFO  o.s.d.r.c.RepositoryConfigurationDelegate - Finished Spring Data repository scanning in 16ms. Found 0 repository interfaces.
2019-12-17 11:37:40.716 logback [main] INFO  o.s.c.s.PostProcessorRegistrationDelegate$BeanPostProcessorChecker - Bean 'org.springframework.transaction.annotation.ProxyTransactionManagementConfiguration' of type [org.springframework.transaction.annotation.ProxyTransactionManagementConfiguration$$EnhancerBySpringCGLIB$$ff3517f0] is not eligible for getting processed by all BeanPostProcessors (for example: not eligible for auto-proxying)
2019-12-17 11:37:41.340 logback [main] INFO  o.s.b.w.e.tomcat.TomcatWebServer - Tomcat initialized with port(s): 8080 (http)
2019-12-17 11:37:41.356 logback [main] INFO  o.a.coyote.http11.Http11NioProtocol - Initializing ProtocolHandler ["http-nio-8080"]
2019-12-17 11:37:41.371 logback [main] INFO  o.a.catalina.core.StandardService - Starting service [Tomcat]
2019-12-17 11:37:41.371 logback [main] INFO  o.a.catalina.core.StandardEngine - Starting Servlet engine: [Apache Tomcat/9.0.16]
2019-12-17 11:37:41.371 logback [main] INFO  o.a.c.core.AprLifecycleListener - The APR based Apache Tomcat Native library which allows optimal performance in production environments was not found on the java.library.path: [C:\Program Files\Java\jdk1.8.0_172\bin;C:\Windows\Sun\Java\bin;C:\Windows\system32;C:\Windows;D:\software\xshell\;C:\Program Files (x86)\Common Files\Oracle\Java\javapath;C:\Windows\system32;C:\Windows;C:\Windows\System32\Wbem;C:\Windows\System32\WindowsPowerShell\v1.0\;C:\Program Files\Git\cmd;C:\Program Files\MySQL\MySQL Server 5.7\bin;C:\Program Files\nodejs\;D:\visualvm\bin;C:\Program Files\Java\jdk1.8.0_172\bin\;C:\Program Files\erl7.1;C:\Program Files\2345Soft\HaoZip;C:\Program Files\MySql3307\mysql-5.7.28-winx64\bin;C:\Users\Administrator\AppData\Roaming\npm;C:\Users\Administrator\AppData\Local\Programs\Microsoft VS Code\bin;.]
2019-12-17 11:37:41.638 logback [main] INFO  org.apache.jasper.servlet.TldScanner - At least one JAR was scanned for TLDs yet contained no TLDs. Enable debug logging for this logger for a complete list of JARs that were scanned but no TLDs were found in them. Skipping unneeded JARs during scanning can improve startup time and JSP compilation time.
2019-12-17 11:37:41.638 logback [main] INFO  o.a.c.c.C.[Tomcat].[localhost].[/] - Initializing Spring embedded WebApplicationContext
2019-12-17 11:37:41.638 logback [main] INFO  o.s.web.context.ContextLoader - Root WebApplicationContext: initialization completed in 1827 ms
2019-12-17 11:37:41.950 logback [main] INFO  com.lzr.config.DataSourceConfig - 开始配置多数据源
2019-12-17 11:37:41.950 logback [main] INFO  com.lzr.config.DataSourceConfig - 多数据源配置完成
2019-12-17 11:37:43.221 logback [main] INFO  o.s.s.c.ThreadPoolTaskExecutor - Initializing ExecutorService 'applicationTaskExecutor'
2019-12-17 11:37:43.470 logback [main] INFO  t.m.m.a.MapperCacheDisabler - Clear tk.mybatis.mapper.util.MsUtil CLASS_CACHE cache.
2019-12-17 11:37:43.470 logback [main] INFO  t.m.m.a.MapperCacheDisabler - Clear tk.mybatis.mapper.genid.GenIdUtil CACHE cache.
2019-12-17 11:37:43.470 logback [main] INFO  t.m.m.a.MapperCacheDisabler - Clear tk.mybatis.mapper.version.VersionUtil CACHE cache.
2019-12-17 11:37:43.470 logback [main] INFO  t.m.m.a.MapperCacheDisabler - Clear EntityHelper entityTableMap cache.
2019-12-17 11:37:44.348 logback [main] INFO  o.a.coyote.http11.Http11NioProtocol - Starting ProtocolHandler ["http-nio-8080"]
2019-12-17 11:37:44.395 logback [main] INFO  o.s.b.w.e.tomcat.TomcatWebServer - Tomcat started on port(s): 8080 (http) with context path ''
2019-12-17 11:37:44.395 logback [main] INFO  c.lzr.ReadWriteSeparationApplication - Started ReadWriteSeparationApplication in 5.208 seconds (JVM running for 5.994)
