2019-12-17 15:04:44.636 logback [restartedMain] INFO  c.lzr.ReadWriteSeparationApplication - Starting ReadWriteSeparationApplication on SKY-20181113PUG with PID 9452 (D:\idea_project\studyproject\study_readwriteseparation\target\classes started by Administrator in D:\idea_project\studyproject\study_readwriteseparation)
2019-12-17 15:04:44.641 logback [restartedMain] INFO  c.lzr.ReadWriteSeparationApplication - No active profile set, falling back to default profiles: default
2019-12-17 15:04:44.704 logback [restartedMain] INFO  o.s.b.d.e.DevToolsPropertyDefaultsPostProcessor - Devtools property defaults active! Set 'spring.devtools.add-properties' to 'false' to disable
2019-12-17 15:04:44.705 logback [restartedMain] INFO  o.s.b.d.e.DevToolsPropertyDefaultsPostProcessor - For additional web related logging consider setting the 'logging.level.web' property to 'DEBUG'
2019-12-17 15:04:45.499 logback [restartedMain] WARN  t.m.s.mapper.ClassPathMapperScanner - No MyBatis mapper was found in '[com.lzr]' package. Please check your configuration.
2019-12-17 15:04:45.513 logback [restartedMain] WARN  o.m.s.mapper.ClassPathMapperScanner - No MyBatis mapper was found in '[com.lzr]' package. Please check your configuration.
2019-12-17 15:04:45.556 logback [restartedMain] INFO  o.s.d.r.c.RepositoryConfigurationDelegate - Multiple Spring Data modules found, entering strict repository configuration mode!
2019-12-17 15:04:45.559 logback [restartedMain] INFO  o.s.d.r.c.RepositoryConfigurationDelegate - Bootstrapping Spring Data repositories in DEFAULT mode.
2019-12-17 15:04:45.609 logback [restartedMain] INFO  o.s.d.r.c.RepositoryConfigurationDelegate - Finished Spring Data repository scanning in 36ms. Found 0 repository interfaces.
2019-12-17 15:04:45.996 logback [restartedMain] INFO  o.s.c.s.PostProcessorRegistrationDelegate$BeanPostProcessorChecker - Bean 'org.springframework.transaction.annotation.ProxyTransactionManagementConfiguration' of type [org.springframework.transaction.annotation.ProxyTransactionManagementConfiguration$$EnhancerBySpringCGLIB$$34c9117c] is not eligible for getting processed by all BeanPostProcessors (for example: not eligible for auto-proxying)
2019-12-17 15:04:46.794 logback [restartedMain] INFO  o.s.b.w.e.tomcat.TomcatWebServer - Tomcat initialized with port(s): 8080 (http)
2019-12-17 15:04:46.810 logback [restartedMain] INFO  o.a.coyote.http11.Http11NioProtocol - Initializing ProtocolHandler ["http-nio-8080"]
2019-12-17 15:04:46.820 logback [restartedMain] INFO  o.a.catalina.core.StandardService - Starting service [Tomcat]
2019-12-17 15:04:46.820 logback [restartedMain] INFO  o.a.catalina.core.StandardEngine - Starting Servlet engine: [Apache Tomcat/9.0.16]
2019-12-17 15:04:46.826 logback [restartedMain] INFO  o.a.c.core.AprLifecycleListener - The APR based Apache Tomcat Native library which allows optimal performance in production environments was not found on the java.library.path: [C:\Program Files\Java\jdk1.8.0_172\bin;C:\Windows\Sun\Java\bin;C:\Windows\system32;C:\Windows;D:\software\xshell\;C:\Program Files (x86)\Common Files\Oracle\Java\javapath;C:\Windows\system32;C:\Windows;C:\Windows\System32\Wbem;C:\Windows\System32\WindowsPowerShell\v1.0\;C:\Program Files\Git\cmd;C:\Program Files\MySQL\MySQL Server 5.7\bin;C:\Program Files\nodejs\;D:\visualvm\bin;C:\Program Files\Java\jdk1.8.0_172\bin\;C:\Program Files\erl7.1;C:\Program Files\2345Soft\HaoZip;C:\Program Files\MySql3307\mysql-5.7.28-winx64\bin;C:\Users\Administrator\AppData\Roaming\npm;C:\Users\Administrator\AppData\Local\Programs\Microsoft VS Code\bin;.]
2019-12-17 15:04:47.169 logback [restartedMain] INFO  org.apache.jasper.servlet.TldScanner - At least one JAR was scanned for TLDs yet contained no TLDs. Enable debug logging for this logger for a complete list of JARs that were scanned but no TLDs were found in them. Skipping unneeded JARs during scanning can improve startup time and JSP compilation time.
2019-12-17 15:04:47.175 logback [restartedMain] INFO  o.a.c.c.C.[Tomcat].[localhost].[/] - Initializing Spring embedded WebApplicationContext
2019-12-17 15:04:47.175 logback [restartedMain] INFO  o.s.web.context.ContextLoader - Root WebApplicationContext: initialization completed in 2470 ms
2019-12-17 15:04:47.409 logback [restartedMain] INFO  c.l.c.d.DataSourceConfig - 开始配置多数据源
2019-12-17 15:04:47.411 logback [restartedMain] INFO  c.l.c.d.DataSourceConfig - 多数据源配置完成
2019-12-17 15:04:49.123 logback [restartedMain] INFO  o.s.s.c.ThreadPoolTaskExecutor - Initializing ExecutorService 'applicationTaskExecutor'
2019-12-17 15:04:49.391 logback [restartedMain] INFO  t.m.m.a.MapperCacheDisabler - Clear tk.mybatis.mapper.util.MsUtil CLASS_CACHE cache.
2019-12-17 15:04:49.391 logback [restartedMain] INFO  t.m.m.a.MapperCacheDisabler - Clear tk.mybatis.mapper.genid.GenIdUtil CACHE cache.
2019-12-17 15:04:49.392 logback [restartedMain] INFO  t.m.m.a.MapperCacheDisabler - Clear tk.mybatis.mapper.version.VersionUtil CACHE cache.
2019-12-17 15:04:49.392 logback [restartedMain] INFO  t.m.m.a.MapperCacheDisabler - Clear EntityHelper entityTableMap cache.
2019-12-17 15:04:49.970 logback [restartedMain] INFO  o.s.b.d.a.OptionalLiveReloadServer - LiveReload server is running on port 35729
2019-12-17 15:04:50.004 logback [restartedMain] INFO  o.a.coyote.http11.Http11NioProtocol - Starting ProtocolHandler ["http-nio-8080"]
2019-12-17 15:04:50.041 logback [restartedMain] INFO  o.s.b.w.e.tomcat.TomcatWebServer - Tomcat started on port(s): 8080 (http) with context path ''
2019-12-17 15:04:50.044 logback [restartedMain] INFO  c.lzr.ReadWriteSeparationApplication - Started ReadWriteSeparationApplication in 6.015 seconds (JVM running for 7.012)
2019-12-17 15:05:06.846 logback [http-nio-8080-exec-1] INFO  o.a.c.c.C.[Tomcat].[localhost].[/] - Initializing Spring DispatcherServlet 'dispatcherServlet'
2019-12-17 15:05:06.846 logback [http-nio-8080-exec-1] INFO  o.s.web.servlet.DispatcherServlet - Initializing Servlet 'dispatcherServlet'
2019-12-17 15:05:06.863 logback [http-nio-8080-exec-1] INFO  o.s.web.servlet.DispatcherServlet - Completed initialization in 17 ms
2019-12-17 15:08:29.042 logback [restartedMain] INFO  c.lzr.ReadWriteSeparationApplication - Starting ReadWriteSeparationApplication on SKY-20181113PUG with PID 16236 (D:\idea_project\studyproject\study_readwriteseparation\target\classes started by Administrator in D:\idea_project\studyproject\study_readwriteseparation)
2019-12-17 15:08:29.045 logback [restartedMain] INFO  c.lzr.ReadWriteSeparationApplication - No active profile set, falling back to default profiles: default
2019-12-17 15:08:29.103 logback [restartedMain] INFO  o.s.b.d.e.DevToolsPropertyDefaultsPostProcessor - Devtools property defaults active! Set 'spring.devtools.add-properties' to 'false' to disable
2019-12-17 15:08:29.104 logback [restartedMain] INFO  o.s.b.d.e.DevToolsPropertyDefaultsPostProcessor - For additional web related logging consider setting the 'logging.level.web' property to 'DEBUG'
2019-12-17 15:08:29.785 logback [restartedMain] WARN  t.m.s.mapper.ClassPathMapperScanner - No MyBatis mapper was found in '[com.lzr]' package. Please check your configuration.
2019-12-17 15:08:29.798 logback [restartedMain] WARN  o.m.s.mapper.ClassPathMapperScanner - No MyBatis mapper was found in '[com.lzr]' package. Please check your configuration.
2019-12-17 15:08:29.838 logback [restartedMain] INFO  o.s.d.r.c.RepositoryConfigurationDelegate - Multiple Spring Data modules found, entering strict repository configuration mode!
2019-12-17 15:08:29.840 logback [restartedMain] INFO  o.s.d.r.c.RepositoryConfigurationDelegate - Bootstrapping Spring Data repositories in DEFAULT mode.
2019-12-17 15:08:29.882 logback [restartedMain] INFO  o.s.d.r.c.RepositoryConfigurationDelegate - Finished Spring Data repository scanning in 31ms. Found 0 repository interfaces.
2019-12-17 15:08:30.197 logback [restartedMain] INFO  o.s.c.s.PostProcessorRegistrationDelegate$BeanPostProcessorChecker - Bean 'org.springframework.transaction.annotation.ProxyTransactionManagementConfiguration' of type [org.springframework.transaction.annotation.ProxyTransactionManagementConfiguration$$EnhancerBySpringCGLIB$$1acdf8fa] is not eligible for getting processed by all BeanPostProcessors (for example: not eligible for auto-proxying)
2019-12-17 15:08:30.997 logback [restartedMain] INFO  o.s.b.w.e.tomcat.TomcatWebServer - Tomcat initialized with port(s): 8080 (http)
2019-12-17 15:08:31.011 logback [restartedMain] INFO  o.a.coyote.http11.Http11NioProtocol - Initializing ProtocolHandler ["http-nio-8080"]
2019-12-17 15:08:31.022 logback [restartedMain] INFO  o.a.catalina.core.StandardService - Starting service [Tomcat]
2019-12-17 15:08:31.022 logback [restartedMain] INFO  o.a.catalina.core.StandardEngine - Starting Servlet engine: [Apache Tomcat/9.0.16]
2019-12-17 15:08:31.029 logback [restartedMain] INFO  o.a.c.core.AprLifecycleListener - The APR based Apache Tomcat Native library which allows optimal performance in production environments was not found on the java.library.path: [C:\Program Files\Java\jdk1.8.0_172\bin;C:\Windows\Sun\Java\bin;C:\Windows\system32;C:\Windows;D:\software\xshell\;C:\Program Files (x86)\Common Files\Oracle\Java\javapath;C:\Windows\system32;C:\Windows;C:\Windows\System32\Wbem;C:\Windows\System32\WindowsPowerShell\v1.0\;C:\Program Files\Git\cmd;C:\Program Files\MySQL\MySQL Server 5.7\bin;C:\Program Files\nodejs\;D:\visualvm\bin;C:\Program Files\Java\jdk1.8.0_172\bin\;C:\Program Files\erl7.1;C:\Program Files\2345Soft\HaoZip;C:\Program Files\MySql3307\mysql-5.7.28-winx64\bin;C:\Users\Administrator\AppData\Roaming\npm;C:\Users\Administrator\AppData\Local\Programs\Microsoft VS Code\bin;.]
2019-12-17 15:08:31.368 logback [restartedMain] INFO  org.apache.jasper.servlet.TldScanner - At least one JAR was scanned for TLDs yet contained no TLDs. Enable debug logging for this logger for a complete list of JARs that were scanned but no TLDs were found in them. Skipping unneeded JARs during scanning can improve startup time and JSP compilation time.
2019-12-17 15:08:31.374 logback [restartedMain] INFO  o.a.c.c.C.[Tomcat].[localhost].[/] - Initializing Spring embedded WebApplicationContext
2019-12-17 15:08:31.374 logback [restartedMain] INFO  o.s.web.context.ContextLoader - Root WebApplicationContext: initialization completed in 2270 ms
2019-12-17 15:08:31.635 logback [restartedMain] INFO  c.l.c.d.DataSourceConfig - 开始配置多数据源
2019-12-17 15:08:31.638 logback [restartedMain] INFO  c.l.c.d.DataSourceConfig - 多数据源配置完成
2019-12-17 15:08:33.289 logback [restartedMain] INFO  o.s.s.c.ThreadPoolTaskExecutor - Initializing ExecutorService 'applicationTaskExecutor'
2019-12-17 15:08:33.589 logback [restartedMain] INFO  t.m.m.a.MapperCacheDisabler - Clear tk.mybatis.mapper.util.MsUtil CLASS_CACHE cache.
2019-12-17 15:08:33.589 logback [restartedMain] INFO  t.m.m.a.MapperCacheDisabler - Clear tk.mybatis.mapper.genid.GenIdUtil CACHE cache.
2019-12-17 15:08:33.590 logback [restartedMain] INFO  t.m.m.a.MapperCacheDisabler - Clear tk.mybatis.mapper.version.VersionUtil CACHE cache.
2019-12-17 15:08:33.590 logback [restartedMain] INFO  t.m.m.a.MapperCacheDisabler - Clear EntityHelper entityTableMap cache.
2019-12-17 15:08:34.148 logback [restartedMain] INFO  o.s.b.d.a.OptionalLiveReloadServer - LiveReload server is running on port 35729
2019-12-17 15:08:34.183 logback [restartedMain] INFO  o.a.coyote.http11.Http11NioProtocol - Starting ProtocolHandler ["http-nio-8080"]
2019-12-17 15:08:34.220 logback [restartedMain] INFO  o.s.b.w.e.tomcat.TomcatWebServer - Tomcat started on port(s): 8080 (http) with context path ''
2019-12-17 15:08:34.223 logback [restartedMain] INFO  c.lzr.ReadWriteSeparationApplication - Started ReadWriteSeparationApplication in 5.616 seconds (JVM running for 6.835)
2019-12-17 15:08:53.104 logback [http-nio-8080-exec-1] INFO  o.a.c.c.C.[Tomcat].[localhost].[/] - Initializing Spring DispatcherServlet 'dispatcherServlet'
2019-12-17 15:08:53.104 logback [http-nio-8080-exec-1] INFO  o.s.web.servlet.DispatcherServlet - Initializing Servlet 'dispatcherServlet'
2019-12-17 15:08:53.121 logback [http-nio-8080-exec-1] INFO  o.s.web.servlet.DispatcherServlet - Completed initialization in 17 ms
2019-12-17 15:13:05.573 logback [restartedMain] INFO  c.lzr.ReadWriteSeparationApplication - Starting ReadWriteSeparationApplication on SKY-20181113PUG with PID 11172 (D:\idea_project\studyproject\study_readwriteseparation\target\classes started by Administrator in D:\idea_project\studyproject\study_readwriteseparation)
2019-12-17 15:13:05.575 logback [restartedMain] INFO  c.lzr.ReadWriteSeparationApplication - No active profile set, falling back to default profiles: default
2019-12-17 15:13:05.626 logback [restartedMain] INFO  o.s.b.d.e.DevToolsPropertyDefaultsPostProcessor - Devtools property defaults active! Set 'spring.devtools.add-properties' to 'false' to disable
2019-12-17 15:13:05.626 logback [restartedMain] INFO  o.s.b.d.e.DevToolsPropertyDefaultsPostProcessor - For additional web related logging consider setting the 'logging.level.web' property to 'DEBUG'
2019-12-17 15:13:06.325 logback [restartedMain] WARN  t.m.s.mapper.ClassPathMapperScanner - No MyBatis mapper was found in '[com.lzr]' package. Please check your configuration.
2019-12-17 15:13:06.339 logback [restartedMain] WARN  o.m.s.mapper.ClassPathMapperScanner - No MyBatis mapper was found in '[com.lzr]' package. Please check your configuration.
2019-12-17 15:13:06.379 logback [restartedMain] INFO  o.s.d.r.c.RepositoryConfigurationDelegate - Multiple Spring Data modules found, entering strict repository configuration mode!
2019-12-17 15:13:06.381 logback [restartedMain] INFO  o.s.d.r.c.RepositoryConfigurationDelegate - Bootstrapping Spring Data repositories in DEFAULT mode.
2019-12-17 15:13:06.423 logback [restartedMain] INFO  o.s.d.r.c.RepositoryConfigurationDelegate - Finished Spring Data repository scanning in 31ms. Found 0 repository interfaces.
2019-12-17 15:13:06.775 logback [restartedMain] INFO  o.s.c.s.PostProcessorRegistrationDelegate$BeanPostProcessorChecker - Bean 'org.springframework.transaction.annotation.ProxyTransactionManagementConfiguration' of type [org.springframework.transaction.annotation.ProxyTransactionManagementConfiguration$$EnhancerBySpringCGLIB$$dc37ce2d] is not eligible for getting processed by all BeanPostProcessors (for example: not eligible for auto-proxying)
2019-12-17 15:13:07.551 logback [restartedMain] INFO  o.s.b.w.e.tomcat.TomcatWebServer - Tomcat initialized with port(s): 8080 (http)
2019-12-17 15:13:07.565 logback [restartedMain] INFO  o.a.coyote.http11.Http11NioProtocol - Initializing ProtocolHandler ["http-nio-8080"]
2019-12-17 15:13:07.575 logback [restartedMain] INFO  o.a.catalina.core.StandardService - Starting service [Tomcat]
2019-12-17 15:13:07.576 logback [restartedMain] INFO  o.a.catalina.core.StandardEngine - Starting Servlet engine: [Apache Tomcat/9.0.16]
2019-12-17 15:13:07.582 logback [restartedMain] INFO  o.a.c.core.AprLifecycleListener - The APR based Apache Tomcat Native library which allows optimal performance in production environments was not found on the java.library.path: [C:\Program Files\Java\jdk1.8.0_172\bin;C:\Windows\Sun\Java\bin;C:\Windows\system32;C:\Windows;D:\software\xshell\;C:\Program Files (x86)\Common Files\Oracle\Java\javapath;C:\Windows\system32;C:\Windows;C:\Windows\System32\Wbem;C:\Windows\System32\WindowsPowerShell\v1.0\;C:\Program Files\Git\cmd;C:\Program Files\MySQL\MySQL Server 5.7\bin;C:\Program Files\nodejs\;D:\visualvm\bin;C:\Program Files\Java\jdk1.8.0_172\bin\;C:\Program Files\erl7.1;C:\Program Files\2345Soft\HaoZip;C:\Program Files\MySql3307\mysql-5.7.28-winx64\bin;C:\Users\Administrator\AppData\Roaming\npm;C:\Users\Administrator\AppData\Local\Programs\Microsoft VS Code\bin;.]
2019-12-17 15:13:07.911 logback [restartedMain] INFO  org.apache.jasper.servlet.TldScanner - At least one JAR was scanned for TLDs yet contained no TLDs. Enable debug logging for this logger for a complete list of JARs that were scanned but no TLDs were found in them. Skipping unneeded JARs during scanning can improve startup time and JSP compilation time.
2019-12-17 15:13:07.917 logback [restartedMain] INFO  o.a.c.c.C.[Tomcat].[localhost].[/] - Initializing Spring embedded WebApplicationContext
2019-12-17 15:13:07.917 logback [restartedMain] INFO  o.s.web.context.ContextLoader - Root WebApplicationContext: initialization completed in 2291 ms
2019-12-17 15:13:08.147 logback [restartedMain] INFO  c.l.c.d.DataSourceConfig - 开始配置多数据源
2019-12-17 15:13:08.150 logback [restartedMain] INFO  c.l.c.d.DataSourceConfig - 多数据源配置完成
2019-12-17 15:13:09.907 logback [restartedMain] INFO  o.s.s.c.ThreadPoolTaskExecutor - Initializing ExecutorService 'applicationTaskExecutor'
2019-12-17 15:13:10.195 logback [restartedMain] INFO  t.m.m.a.MapperCacheDisabler - Clear tk.mybatis.mapper.util.MsUtil CLASS_CACHE cache.
2019-12-17 15:13:10.195 logback [restartedMain] INFO  t.m.m.a.MapperCacheDisabler - Clear tk.mybatis.mapper.genid.GenIdUtil CACHE cache.
2019-12-17 15:13:10.196 logback [restartedMain] INFO  t.m.m.a.MapperCacheDisabler - Clear tk.mybatis.mapper.version.VersionUtil CACHE cache.
2019-12-17 15:13:10.196 logback [restartedMain] INFO  t.m.m.a.MapperCacheDisabler - Clear EntityHelper entityTableMap cache.
2019-12-17 15:13:10.760 logback [restartedMain] INFO  o.s.b.d.a.OptionalLiveReloadServer - LiveReload server is running on port 35729
2019-12-17 15:13:10.792 logback [restartedMain] INFO  o.a.coyote.http11.Http11NioProtocol - Starting ProtocolHandler ["http-nio-8080"]
2019-12-17 15:13:10.829 logback [restartedMain] INFO  o.s.b.w.e.tomcat.TomcatWebServer - Tomcat started on port(s): 8080 (http) with context path ''
2019-12-17 15:13:10.831 logback [restartedMain] INFO  c.lzr.ReadWriteSeparationApplication - Started ReadWriteSeparationApplication in 5.687 seconds (JVM running for 6.639)
2019-12-17 15:13:28.787 logback [http-nio-8080-exec-1] INFO  o.a.c.c.C.[Tomcat].[localhost].[/] - Initializing Spring DispatcherServlet 'dispatcherServlet'
2019-12-17 15:13:28.787 logback [http-nio-8080-exec-1] INFO  o.s.web.servlet.DispatcherServlet - Initializing Servlet 'dispatcherServlet'
2019-12-17 15:13:28.813 logback [http-nio-8080-exec-1] INFO  o.s.web.servlet.DispatcherServlet - Completed initialization in 24 ms
2019-12-17 15:27:12.807 logback [restartedMain] INFO  c.lzr.ReadWriteSeparationApplication - Starting ReadWriteSeparationApplication on SKY-20181113PUG with PID 15988 (D:\idea_project\studyproject\study_readwriteseparation\target\classes started by Administrator in D:\idea_project\studyproject\study_readwriteseparation)
2019-12-17 15:27:12.810 logback [restartedMain] INFO  c.lzr.ReadWriteSeparationApplication - No active profile set, falling back to default profiles: default
2019-12-17 15:27:12.882 logback [restartedMain] INFO  o.s.b.d.e.DevToolsPropertyDefaultsPostProcessor - Devtools property defaults active! Set 'spring.devtools.add-properties' to 'false' to disable
2019-12-17 15:27:12.882 logback [restartedMain] INFO  o.s.b.d.e.DevToolsPropertyDefaultsPostProcessor - For additional web related logging consider setting the 'logging.level.web' property to 'DEBUG'
2019-12-17 15:27:13.606 logback [restartedMain] WARN  t.m.s.mapper.ClassPathMapperScanner - No MyBatis mapper was found in '[com.lzr]' package. Please check your configuration.
2019-12-17 15:27:13.621 logback [restartedMain] WARN  o.m.s.mapper.ClassPathMapperScanner - No MyBatis mapper was found in '[com.lzr]' package. Please check your configuration.
2019-12-17 15:27:13.660 logback [restartedMain] INFO  o.s.d.r.c.RepositoryConfigurationDelegate - Multiple Spring Data modules found, entering strict repository configuration mode!
2019-12-17 15:27:13.662 logback [restartedMain] INFO  o.s.d.r.c.RepositoryConfigurationDelegate - Bootstrapping Spring Data repositories in DEFAULT mode.
2019-12-17 15:27:13.705 logback [restartedMain] INFO  o.s.d.r.c.RepositoryConfigurationDelegate - Finished Spring Data repository scanning in 30ms. Found 0 repository interfaces.
2019-12-17 15:27:14.030 logback [restartedMain] INFO  o.s.c.s.PostProcessorRegistrationDelegate$BeanPostProcessorChecker - Bean 'org.springframework.transaction.annotation.ProxyTransactionManagementConfiguration' of type [org.springframework.transaction.annotation.ProxyTransactionManagementConfiguration$$EnhancerBySpringCGLIB$$497bcebe] is not eligible for getting processed by all BeanPostProcessors (for example: not eligible for auto-proxying)
2019-12-17 15:27:14.817 logback [restartedMain] INFO  o.s.b.w.e.tomcat.TomcatWebServer - Tomcat initialized with port(s): 8080 (http)
2019-12-17 15:27:14.832 logback [restartedMain] INFO  o.a.coyote.http11.Http11NioProtocol - Initializing ProtocolHandler ["http-nio-8080"]
2019-12-17 15:27:14.842 logback [restartedMain] INFO  o.a.catalina.core.StandardService - Starting service [Tomcat]
2019-12-17 15:27:14.843 logback [restartedMain] INFO  o.a.catalina.core.StandardEngine - Starting Servlet engine: [Apache Tomcat/9.0.16]
2019-12-17 15:27:14.849 logback [restartedMain] INFO  o.a.c.core.AprLifecycleListener - The APR based Apache Tomcat Native library which allows optimal performance in production environments was not found on the java.library.path: [C:\Program Files\Java\jdk1.8.0_172\bin;C:\Windows\Sun\Java\bin;C:\Windows\system32;C:\Windows;D:\software\xshell\;C:\Program Files (x86)\Common Files\Oracle\Java\javapath;C:\Windows\system32;C:\Windows;C:\Windows\System32\Wbem;C:\Windows\System32\WindowsPowerShell\v1.0\;C:\Program Files\Git\cmd;C:\Program Files\MySQL\MySQL Server 5.7\bin;C:\Program Files\nodejs\;D:\visualvm\bin;C:\Program Files\Java\jdk1.8.0_172\bin\;C:\Program Files\erl7.1;C:\Program Files\2345Soft\HaoZip;C:\Program Files\MySql3307\mysql-5.7.28-winx64\bin;C:\Users\Administrator\AppData\Roaming\npm;C:\Users\Administrator\AppData\Local\Programs\Microsoft VS Code\bin;.]
2019-12-17 15:27:15.232 logback [restartedMain] INFO  org.apache.jasper.servlet.TldScanner - At least one JAR was scanned for TLDs yet contained no TLDs. Enable debug logging for this logger for a complete list of JARs that were scanned but no TLDs were found in them. Skipping unneeded JARs during scanning can improve startup time and JSP compilation time.
2019-12-17 15:27:15.237 logback [restartedMain] INFO  o.a.c.c.C.[Tomcat].[localhost].[/] - Initializing Spring embedded WebApplicationContext
2019-12-17 15:27:15.237 logback [restartedMain] INFO  o.s.web.context.ContextLoader - Root WebApplicationContext: initialization completed in 2354 ms
2019-12-17 15:27:15.461 logback [restartedMain] INFO  c.l.c.d.DataSourceConfig - 开始配置多数据源
2019-12-17 15:27:15.463 logback [restartedMain] INFO  c.l.c.d.DataSourceConfig - 多数据源配置完成
2019-12-17 15:27:17.146 logback [restartedMain] INFO  o.s.s.c.ThreadPoolTaskExecutor - Initializing ExecutorService 'applicationTaskExecutor'
2019-12-17 15:27:17.432 logback [restartedMain] INFO  t.m.m.a.MapperCacheDisabler - Clear tk.mybatis.mapper.util.MsUtil CLASS_CACHE cache.
2019-12-17 15:27:17.433 logback [restartedMain] INFO  t.m.m.a.MapperCacheDisabler - Clear tk.mybatis.mapper.genid.GenIdUtil CACHE cache.
2019-12-17 15:27:17.434 logback [restartedMain] INFO  t.m.m.a.MapperCacheDisabler - Clear tk.mybatis.mapper.version.VersionUtil CACHE cache.
2019-12-17 15:27:17.434 logback [restartedMain] INFO  t.m.m.a.MapperCacheDisabler - Clear EntityHelper entityTableMap cache.
2019-12-17 15:27:18.046 logback [restartedMain] INFO  o.s.b.d.a.OptionalLiveReloadServer - LiveReload server is running on port 35729
2019-12-17 15:27:18.081 logback [restartedMain] INFO  o.a.coyote.http11.Http11NioProtocol - Starting ProtocolHandler ["http-nio-8080"]
2019-12-17 15:27:18.117 logback [restartedMain] INFO  o.s.b.w.e.tomcat.TomcatWebServer - Tomcat started on port(s): 8080 (http) with context path ''
2019-12-17 15:27:18.120 logback [restartedMain] INFO  c.lzr.ReadWriteSeparationApplication - Started ReadWriteSeparationApplication in 5.851 seconds (JVM running for 6.793)
2019-12-17 15:27:29.230 logback [http-nio-8080-exec-1] INFO  o.a.c.c.C.[Tomcat].[localhost].[/] - Initializing Spring DispatcherServlet 'dispatcherServlet'
2019-12-17 15:27:29.231 logback [http-nio-8080-exec-1] INFO  o.s.web.servlet.DispatcherServlet - Initializing Servlet 'dispatcherServlet'
2019-12-17 15:27:29.254 logback [http-nio-8080-exec-1] INFO  o.s.web.servlet.DispatcherServlet - Completed initialization in 23 ms
2019-12-17 15:27:50.243 logback [restartedMain] INFO  c.lzr.ReadWriteSeparationApplication - Starting ReadWriteSeparationApplication on SKY-20181113PUG with PID 13760 (D:\idea_project\studyproject\study_readwriteseparation\target\classes started by Administrator in D:\idea_project\studyproject\study_readwriteseparation)
2019-12-17 15:27:50.246 logback [restartedMain] INFO  c.lzr.ReadWriteSeparationApplication - No active profile set, falling back to default profiles: default
2019-12-17 15:27:50.302 logback [restartedMain] INFO  o.s.b.d.e.DevToolsPropertyDefaultsPostProcessor - Devtools property defaults active! Set 'spring.devtools.add-properties' to 'false' to disable
2019-12-17 15:27:50.303 logback [restartedMain] INFO  o.s.b.d.e.DevToolsPropertyDefaultsPostProcessor - For additional web related logging consider setting the 'logging.level.web' property to 'DEBUG'
2019-12-17 15:27:50.933 logback [restartedMain] WARN  t.m.s.mapper.ClassPathMapperScanner - No MyBatis mapper was found in '[com.lzr]' package. Please check your configuration.
2019-12-17 15:27:50.945 logback [restartedMain] WARN  o.m.s.mapper.ClassPathMapperScanner - No MyBatis mapper was found in '[com.lzr]' package. Please check your configuration.
2019-12-17 15:27:50.984 logback [restartedMain] INFO  o.s.d.r.c.RepositoryConfigurationDelegate - Multiple Spring Data modules found, entering strict repository configuration mode!
2019-12-17 15:27:50.986 logback [restartedMain] INFO  o.s.d.r.c.RepositoryConfigurationDelegate - Bootstrapping Spring Data repositories in DEFAULT mode.
2019-12-17 15:27:51.026 logback [restartedMain] INFO  o.s.d.r.c.RepositoryConfigurationDelegate - Finished Spring Data repository scanning in 29ms. Found 0 repository interfaces.
2019-12-17 15:27:51.333 logback [restartedMain] INFO  o.s.c.s.PostProcessorRegistrationDelegate$BeanPostProcessorChecker - Bean 'org.springframework.transaction.annotation.ProxyTransactionManagementConfiguration' of type [org.springframework.transaction.annotation.ProxyTransactionManagementConfiguration$$EnhancerBySpringCGLIB$$96272d35] is not eligible for getting processed by all BeanPostProcessors (for example: not eligible for auto-proxying)
2019-12-17 15:27:52.098 logback [restartedMain] INFO  o.s.b.w.e.tomcat.TomcatWebServer - Tomcat initialized with port(s): 8080 (http)
2019-12-17 15:27:52.112 logback [restartedMain] INFO  o.a.coyote.http11.Http11NioProtocol - Initializing ProtocolHandler ["http-nio-8080"]
2019-12-17 15:27:52.122 logback [restartedMain] INFO  o.a.catalina.core.StandardService - Starting service [Tomcat]
2019-12-17 15:27:52.123 logback [restartedMain] INFO  o.a.catalina.core.StandardEngine - Starting Servlet engine: [Apache Tomcat/9.0.16]
2019-12-17 15:27:52.129 logback [restartedMain] INFO  o.a.c.core.AprLifecycleListener - The APR based Apache Tomcat Native library which allows optimal performance in production environments was not found on the java.library.path: [C:\Program Files\Java\jdk1.8.0_172\bin;C:\Windows\Sun\Java\bin;C:\Windows\system32;C:\Windows;D:\software\xshell\;C:\Program Files (x86)\Common Files\Oracle\Java\javapath;C:\Windows\system32;C:\Windows;C:\Windows\System32\Wbem;C:\Windows\System32\WindowsPowerShell\v1.0\;C:\Program Files\Git\cmd;C:\Program Files\MySQL\MySQL Server 5.7\bin;C:\Program Files\nodejs\;D:\visualvm\bin;C:\Program Files\Java\jdk1.8.0_172\bin\;C:\Program Files\erl7.1;C:\Program Files\2345Soft\HaoZip;C:\Program Files\MySql3307\mysql-5.7.28-winx64\bin;C:\Users\Administrator\AppData\Roaming\npm;C:\Users\Administrator\AppData\Local\Programs\Microsoft VS Code\bin;.]
2019-12-17 15:27:52.449 logback [restartedMain] INFO  org.apache.jasper.servlet.TldScanner - At least one JAR was scanned for TLDs yet contained no TLDs. Enable debug logging for this logger for a complete list of JARs that were scanned but no TLDs were found in them. Skipping unneeded JARs during scanning can improve startup time and JSP compilation time.
2019-12-17 15:27:52.454 logback [restartedMain] INFO  o.a.c.c.C.[Tomcat].[localhost].[/] - Initializing Spring embedded WebApplicationContext
2019-12-17 15:27:52.454 logback [restartedMain] INFO  o.s.web.context.ContextLoader - Root WebApplicationContext: initialization completed in 2151 ms
2019-12-17 15:27:52.676 logback [restartedMain] INFO  c.l.c.d.DataSourceConfig - 开始配置多数据源
2019-12-17 15:27:52.678 logback [restartedMain] INFO  c.l.c.d.DataSourceConfig - 多数据源配置完成
2019-12-17 15:27:54.394 logback [restartedMain] INFO  o.s.s.c.ThreadPoolTaskExecutor - Initializing ExecutorService 'applicationTaskExecutor'
2019-12-17 15:27:54.656 logback [restartedMain] INFO  t.m.m.a.MapperCacheDisabler - Clear tk.mybatis.mapper.util.MsUtil CLASS_CACHE cache.
2019-12-17 15:27:54.657 logback [restartedMain] INFO  t.m.m.a.MapperCacheDisabler - Clear tk.mybatis.mapper.genid.GenIdUtil CACHE cache.
2019-12-17 15:27:54.657 logback [restartedMain] INFO  t.m.m.a.MapperCacheDisabler - Clear tk.mybatis.mapper.version.VersionUtil CACHE cache.
2019-12-17 15:27:54.657 logback [restartedMain] INFO  t.m.m.a.MapperCacheDisabler - Clear EntityHelper entityTableMap cache.
2019-12-17 15:27:55.234 logback [restartedMain] INFO  o.s.b.d.a.OptionalLiveReloadServer - LiveReload server is running on port 35729
2019-12-17 15:27:55.270 logback [restartedMain] INFO  o.a.coyote.http11.Http11NioProtocol - Starting ProtocolHandler ["http-nio-8080"]
2019-12-17 15:27:55.309 logback [restartedMain] INFO  o.s.b.w.e.tomcat.TomcatWebServer - Tomcat started on port(s): 8080 (http) with context path ''
2019-12-17 15:27:55.313 logback [restartedMain] INFO  c.lzr.ReadWriteSeparationApplication - Started ReadWriteSeparationApplication in 5.595 seconds (JVM running for 6.581)
2019-12-17 15:28:05.269 logback [http-nio-8080-exec-1] INFO  o.a.c.c.C.[Tomcat].[localhost].[/] - Initializing Spring DispatcherServlet 'dispatcherServlet'
2019-12-17 15:28:05.270 logback [http-nio-8080-exec-1] INFO  o.s.web.servlet.DispatcherServlet - Initializing Servlet 'dispatcherServlet'
2019-12-17 15:28:05.287 logback [http-nio-8080-exec-1] INFO  o.s.web.servlet.DispatcherServlet - Completed initialization in 17 ms
2019-12-17 15:29:37.489 logback [restartedMain] INFO  c.lzr.ReadWriteSeparationApplication - Starting ReadWriteSeparationApplication on SKY-20181113PUG with PID 17072 (D:\idea_project\studyproject\study_readwriteseparation\target\classes started by Administrator in D:\idea_project\studyproject\study_readwriteseparation)
2019-12-17 15:29:37.493 logback [restartedMain] INFO  c.lzr.ReadWriteSeparationApplication - No active profile set, falling back to default profiles: default
2019-12-17 15:29:37.550 logback [restartedMain] INFO  o.s.b.d.e.DevToolsPropertyDefaultsPostProcessor - Devtools property defaults active! Set 'spring.devtools.add-properties' to 'false' to disable
2019-12-17 15:29:37.551 logback [restartedMain] INFO  o.s.b.d.e.DevToolsPropertyDefaultsPostProcessor - For additional web related logging consider setting the 'logging.level.web' property to 'DEBUG'
2019-12-17 15:29:38.482 logback [restartedMain] WARN  t.m.s.mapper.ClassPathMapperScanner - No MyBatis mapper was found in '[com.lzr]' package. Please check your configuration.
2019-12-17 15:29:38.499 logback [restartedMain] WARN  o.m.s.mapper.ClassPathMapperScanner - No MyBatis mapper was found in '[com.lzr]' package. Please check your configuration.
2019-12-17 15:29:38.550 logback [restartedMain] INFO  o.s.d.r.c.RepositoryConfigurationDelegate - Multiple Spring Data modules found, entering strict repository configuration mode!
2019-12-17 15:29:38.552 logback [restartedMain] INFO  o.s.d.r.c.RepositoryConfigurationDelegate - Bootstrapping Spring Data repositories in DEFAULT mode.
2019-12-17 15:29:38.609 logback [restartedMain] INFO  o.s.d.r.c.RepositoryConfigurationDelegate - Finished Spring Data repository scanning in 40ms. Found 0 repository interfaces.
2019-12-17 15:29:38.984 logback [restartedMain] INFO  o.s.c.s.PostProcessorRegistrationDelegate$BeanPostProcessorChecker - Bean 'org.springframework.transaction.annotation.ProxyTransactionManagementConfiguration' of type [org.springframework.transaction.annotation.ProxyTransactionManagementConfiguration$$EnhancerBySpringCGLIB$$2b85584c] is not eligible for getting processed by all BeanPostProcessors (for example: not eligible for auto-proxying)
2019-12-17 15:29:39.838 logback [restartedMain] INFO  o.s.b.w.e.tomcat.TomcatWebServer - Tomcat initialized with port(s): 8080 (http)
2019-12-17 15:29:39.851 logback [restartedMain] INFO  o.a.coyote.http11.Http11NioProtocol - Initializing ProtocolHandler ["http-nio-8080"]
2019-12-17 15:29:39.862 logback [restartedMain] INFO  o.a.catalina.core.StandardService - Starting service [Tomcat]
2019-12-17 15:29:39.862 logback [restartedMain] INFO  o.a.catalina.core.StandardEngine - Starting Servlet engine: [Apache Tomcat/9.0.16]
2019-12-17 15:29:39.868 logback [restartedMain] INFO  o.a.c.core.AprLifecycleListener - The APR based Apache Tomcat Native library which allows optimal performance in production environments was not found on the java.library.path: [C:\Program Files\Java\jdk1.8.0_172\bin;C:\Windows\Sun\Java\bin;C:\Windows\system32;C:\Windows;D:\software\xshell\;C:\Program Files (x86)\Common Files\Oracle\Java\javapath;C:\Windows\system32;C:\Windows;C:\Windows\System32\Wbem;C:\Windows\System32\WindowsPowerShell\v1.0\;C:\Program Files\Git\cmd;C:\Program Files\MySQL\MySQL Server 5.7\bin;C:\Program Files\nodejs\;D:\visualvm\bin;C:\Program Files\Java\jdk1.8.0_172\bin\;C:\Program Files\erl7.1;C:\Program Files\2345Soft\HaoZip;C:\Program Files\MySql3307\mysql-5.7.28-winx64\bin;C:\Users\Administrator\AppData\Roaming\npm;C:\Users\Administrator\AppData\Local\Programs\Microsoft VS Code\bin;.]
2019-12-17 15:29:40.286 logback [restartedMain] INFO  org.apache.jasper.servlet.TldScanner - At least one JAR was scanned for TLDs yet contained no TLDs. Enable debug logging for this logger for a complete list of JARs that were scanned but no TLDs were found in them. Skipping unneeded JARs during scanning can improve startup time and JSP compilation time.
2019-12-17 15:29:40.292 logback [restartedMain] INFO  o.a.c.c.C.[Tomcat].[localhost].[/] - Initializing Spring embedded WebApplicationContext
2019-12-17 15:29:40.292 logback [restartedMain] INFO  o.s.web.context.ContextLoader - Root WebApplicationContext: initialization completed in 2741 ms
2019-12-17 15:29:40.585 logback [restartedMain] INFO  c.l.c.d.DataSourceConfig - 开始配置多数据源
2019-12-17 15:29:40.587 logback [restartedMain] INFO  c.l.c.d.DataSourceConfig - 多数据源配置完成
2019-12-17 15:29:42.510 logback [restartedMain] INFO  o.s.s.c.ThreadPoolTaskExecutor - Initializing ExecutorService 'applicationTaskExecutor'
2019-12-17 15:29:42.801 logback [restartedMain] INFO  t.m.m.a.MapperCacheDisabler - Clear tk.mybatis.mapper.util.MsUtil CLASS_CACHE cache.
2019-12-17 15:29:42.801 logback [restartedMain] INFO  t.m.m.a.MapperCacheDisabler - Clear tk.mybatis.mapper.genid.GenIdUtil CACHE cache.
2019-12-17 15:29:42.802 logback [restartedMain] INFO  t.m.m.a.MapperCacheDisabler - Clear tk.mybatis.mapper.version.VersionUtil CACHE cache.
2019-12-17 15:29:42.802 logback [restartedMain] INFO  t.m.m.a.MapperCacheDisabler - Clear EntityHelper entityTableMap cache.
2019-12-17 15:29:43.435 logback [restartedMain] INFO  o.s.b.d.a.OptionalLiveReloadServer - LiveReload server is running on port 35729
2019-12-17 15:29:43.471 logback [restartedMain] INFO  o.a.coyote.http11.Http11NioProtocol - Starting ProtocolHandler ["http-nio-8080"]
2019-12-17 15:29:43.514 logback [restartedMain] INFO  o.s.b.w.e.tomcat.TomcatWebServer - Tomcat started on port(s): 8080 (http) with context path ''
2019-12-17 15:29:43.517 logback [restartedMain] INFO  c.lzr.ReadWriteSeparationApplication - Started ReadWriteSeparationApplication in 6.557 seconds (JVM running for 7.601)
